<?xml version="1.0" encoding="UTF-8"?>
<!-- Generated by org.testng.reporters.JUnitReportReporter -->
<testsuite hostname="TYSS-Sumanth" failures="0" tests="1" name="womens.SampleTest" time="6.168" errors="0" timestamp="2023-03-09T11:31:18 IST" skipped="0">
  <testcase classname="womens.SampleTest" name="nav" time="6.168"/>
  <system-out/>
</testsuite> <!-- womens.SampleTest -->
