<?xml version="1.0" encoding="UTF-8"?>
<!-- Generated by org.testng.reporters.JUnitReportReporter -->
<testsuite hostname="TYSS-Sumanth" failures="0" tests="1" name="testScripts.LaunchTest" time="13.880" errors="0" timestamp="2023-03-09T11:31:18 IST" skipped="0">
  <testcase classname="testScripts.LaunchTest" name="nav" time="13.880"/>
  <system-out/>
</testsuite> <!-- testScripts.LaunchTest -->
