<?xml version="1.0" encoding="UTF-8"?>
<!-- Generated by org.testng.reporters.JUnitReportReporter -->
<testsuite hostname="TYSS-Sumanth" failures="0" tests="1" name="testScripts.LaunchTest" time="6.061" errors="0" timestamp="2023-03-03T12:16:34 IST" skipped="0">
  <testcase classname="testScripts.LaunchTest" name="nav" time="6.061"/>
  <system-out/>
</testsuite> <!-- testScripts.LaunchTest -->
