<?xml version="1.0" encoding="UTF-8"?>
<!-- Generated by org.testng.reporters.JUnitReportReporter -->
<testsuite hostname="TYSS-Sumanth" failures="0" tests="1" name="men.Demo" time="3.194" errors="0" timestamp="2023-03-03T12:09:49 IST" skipped="0">
  <testcase classname="men.Demo" name="add" time="3.194"/>
  <system-out/>
</testsuite> <!-- men.Demo -->
